<?xml version="1.0" encoding="UTF-8" ?>
<testsuite failures="0" time="0.047" errors="0" skipped="0" tests="1" name="ch.unibas.urz.confluence.spectrum.ExampleMacroTest">
  <properties>
    <property name="java.runtime.name" value="Java(TM) SE Runtime Environment"/>
    <property name="sun.boot.library.path" value="/usr/lib/jvm/java-6-sun-1.6.0.26/jre/lib/amd64"/>
    <property name="java.vm.version" value="20.1-b02"/>
    <property name="java.vm.vendor" value="Sun Microsystems Inc."/>
    <property name="java.vendor.url" value="http://java.sun.com/"/>
    <property name="path.separator" value=":"/>
    <property name="java.vm.name" value="Java HotSpot(TM) 64-Bit Server VM"/>
    <property name="file.encoding.pkg" value="sun.io"/>
    <property name="user.country" value="US"/>
    <property name="sun.java.launcher" value="SUN_STANDARD"/>
    <property name="sun.os.patch.level" value="unknown"/>
    <property name="java.vm.specification.name" value="Java Virtual Machine Specification"/>
    <property name="user.dir" value="/home/vogtp/confluence/workspace/confluence-plugin-spectrum"/>
    <property name="java.runtime.version" value="1.6.0_26-b03"/>
    <property name="java.awt.graphicsenv" value="sun.awt.X11GraphicsEnvironment"/>
    <property name="basedir" value="/home/vogtp/confluence/workspace/confluence-plugin-spectrum"/>
    <property name="java.endorsed.dirs" value="/usr/lib/jvm/java-6-sun-1.6.0.26/jre/lib/endorsed"/>
    <property name="os.arch" value="amd64"/>
    <property name="surefire.real.class.path" value="/tmp/surefirebooter8060236941284660969.jar"/>
    <property name="java.io.tmpdir" value="/tmp"/>
    <property name="line.separator" value="
"/>
    <property name="java.vm.specification.vendor" value="Sun Microsystems Inc."/>
    <property name="os.name" value="Linux"/>
    <property name="sun.jnu.encoding" value="UTF-8"/>
    <property name="java.library.path" value="/usr/lib/jvm/java-6-sun-1.6.0.26/jre/lib/amd64/server:/usr/lib/jvm/java-6-sun-1.6.0.26/jre/lib/amd64:/usr/lib/jvm/java-6-sun-1.6.0.26/jre/../lib/amd64:/usr/java/packages/lib/amd64:/usr/lib64:/lib64:/lib:/usr/lib"/>
    <property name="surefire.test.class.path" value="/home/vogtp/confluence/workspace/confluence-plugin-spectrum/target/test-classes:/home/vogtp/confluence/workspace/confluence-plugin-spectrum/target/classes:/home/vogtp/.m2/repository/junit/junit/4.6/junit-4.6.jar:/home/vogtp/.m2/repository/com/atlassian/confluence/confluence/4.1.6/confluence-4.1.6.jar:/home/vogtp/.m2/repository/com/atlassian/crowd/embedded-crowd-api/2.3.2/embedded-crowd-api-2.3.2.jar:/home/vogtp/.m2/repository/commons-lang/commons-lang/2.6/commons-lang-2.6.jar:/home/vogtp/.m2/repository/com/atlassian/crowd/crowd-integration-api/2.3.2/crowd-integration-api-2.3.2.jar:/home/vogtp/.m2/repository/com/atlassian/ip/atlassian-ip/2.0/atlassian-ip-2.0.jar:/home/vogtp/.m2/repository/commons-codec/commons-codec/1.4/commons-codec-1.4.jar:/home/vogtp/.m2/repository/log4j/log4j/1.2.15/log4j-1.2.15.jar:/home/vogtp/.m2/repository/com/atlassian/crowd/crowd-integration-seraph25/2.3.2/crowd-integration-seraph25-2.3.2.jar:/home/vogtp/.m2/repository/com/atlassian/crowd/crowd-integration-client-common/2.3.2/crowd-integration-client-common-2.3.2.jar:/home/vogtp/.m2/repository/com/atlassian/security/atlassian-cookie-tools/2.0/atlassian-cookie-tools-2.0.jar:/home/vogtp/.m2/repository/org/slf4j/slf4j-api/1.5.8/slf4j-api-1.5.8.jar:/home/vogtp/.m2/repository/com/atlassian/crowd/embedded-crowd-spi/2.3.2/embedded-crowd-spi-2.3.2.jar:/home/vogtp/.m2/repository/com/atlassian/crowd/crowd-api/2.3.2/crowd-api-2.3.2.jar:/home/vogtp/.m2/repository/com/atlassian/spring/atlassian-spring/2.0.0/atlassian-spring-2.0.0.jar:/home/vogtp/.m2/repository/com/atlassian/event/atlassian-event/2.1.1/atlassian-event-2.1.1.jar:/home/vogtp/.m2/repository/org/springframework/spring-core/2.5.6.SEC02/spring-core-2.5.6.SEC02.jar:/home/vogtp/.m2/repository/commons-logging/commons-logging/1.1.1/commons-logging-1.1.1.jar:/home/vogtp/.m2/repository/org/springframework/spring-context/2.5.6.SEC02/spring-context-2.5.6.SEC02.jar:/home/vogtp/.m2/repository/aopalliance/aopalliance/1.0/aopalliance-1.0.jar:/home/vogtp/.m2/repository/org/springframework/spring-beans/2.5.6.SEC02/spring-beans-2.5.6.SEC02.jar:/home/vogtp/.m2/repository/com/atlassian/profiling/atlassian-profiling/1.8.2/atlassian-profiling-1.8.2.jar:/home/vogtp/.m2/repository/org/springframework/spring-web/2.5.6.SEC02/spring-web-2.5.6.SEC02.jar:/home/vogtp/.m2/repository/com/atlassian/util/concurrent/atlassian-util-concurrent/2.3.0-beta2/atlassian-util-concurrent-2.3.0-beta2.jar:/home/vogtp/.m2/repository/commons-collections/commons-collections/3.2/commons-collections-3.2.jar:/home/vogtp/.m2/repository/javax/mail/mail/1.4.1/mail-1.4.1.jar:/home/vogtp/.m2/repository/javax/activation/activation/1.0.2/activation-1.0.2.jar:/home/vogtp/.m2/repository/com/atlassian/crowd/crowd-password-encoders/2.3.2/crowd-password-encoders-2.3.2.jar:/home/vogtp/.m2/repository/com/atlassian/security/atlassian-password-encoder/1.0/atlassian-password-encoder-1.0.jar:/home/vogtp/.m2/repository/org/springframework/security/spring-security-core/2.0.4/spring-security-core-2.0.4.jar:/home/vogtp/.m2/repository/org/springframework/spring-aop/2.5.6.SEC02/spring-aop-2.5.6.SEC02.jar:/home/vogtp/.m2/repository/com/atlassian/plugins/atlassian-plugins-core/2.10.1/atlassian-plugins-core-2.10.1.jar:/home/vogtp/.m2/repository/commons-io/commons-io/1.4/commons-io-1.4.jar:/home/vogtp/.m2/repository/dom4j/dom4j/1.4-full/dom4j-1.4-full.jar:/home/vogtp/.m2/repository/com/atlassian/multitenant/multitenant-core/1.0-m14/multitenant-core-1.0-m14.jar:/home/vogtp/.m2/repository/javax/servlet/servlet-api/2.4/servlet-api-2.4.jar:/home/vogtp/.m2/repository/net/jcip/jcip-annotations/1.0/jcip-annotations-1.0.jar:/home/vogtp/.m2/repository/com/atlassian/crowd/atlassian-embedded-crowd-atlassian-user/1.3.3/atlassian-embedded-crowd-atlassian-user-1.3.3.jar:/home/vogtp/.m2/repository/com/atlassian/crowd/embedded-crowd-core/2.3.2/embedded-crowd-core-2.3.2.jar:/home/vogtp/.m2/repository/com/atlassian/crowd/crowd-core/2.3.2/crowd-core-2.3.2.jar:/home/vogtp/.m2/repository/com/atlassian/crowd/crowd-ldap/2.3.2/crowd-ldap-2.3.2.jar:/home/vogtp/.m2/repository/com/atlassian/crowd/crowd-events/2.3.2/crowd-events-2.3.2.jar:/home/vogtp/.m2/repository/com/atlassian/crowd/crowd-persistence/2.3.2/crowd-persistence-2.3.2.jar:/home/vogtp/.m2/repository/com/atlassian/crowd/crowd-remote/2.3.2/crowd-remote-2.3.2.jar:/home/vogtp/.m2/repository/com/atlassian/crowd/crowd-integration-client-rest/2.3.2/crowd-integration-client-rest-2.3.2.jar:/home/vogtp/.m2/repository/commons-httpclient/commons-httpclient/3.1/commons-httpclient-3.1.jar:/home/vogtp/.m2/repository/com/atlassian/core/atlassian-core/4.6.0/atlassian-core-4.6.0.jar:/home/vogtp/.m2/repository/opensymphony/oscore/2.2.7-atlassian-1/oscore-2.2.7-atlassian-1.jar:/home/vogtp/.m2/repository/mockobjects/alt-jdk1.3/0.07/alt-jdk1.3-0.07.jar:/home/vogtp/.m2/repository/org/springframework/ldap/spring-ldap-core/1.3.0.RELEASE/spring-ldap-core-1.3.0.RELEASE.jar:/home/vogtp/.m2/repository/org/springframework/spring-tx/2.5.6.SEC02/spring-tx-2.5.6.SEC02.jar:/home/vogtp/.m2/repository/org/slf4j/slf4j-log4j12/1.5.8/slf4j-log4j12-1.5.8.jar:/home/vogtp/.m2/repository/org/springframework/spring-context-support/2.5.6.SEC02/spring-context-support-2.5.6.SEC02.jar:/home/vogtp/.m2/repository/net/sf/ehcache/ehcache/1.2.3/ehcache-1.2.3.jar:/home/vogtp/.m2/repository/com/atlassian/security/atlassian-secure-random/1.0/atlassian-secure-random-1.0.jar:/home/vogtp/.m2/repository/opensymphony/propertyset/1.3-21Nov03/propertyset-1.3-21Nov03.jar:/home/vogtp/.m2/repository/com/atlassian/user/atlassian-user/3.0/atlassian-user-3.0.jar:/home/vogtp/.m2/repository/javax/transaction/jta/1.0.1B/jta-1.0.1B.jar:/home/vogtp/.m2/repository/com/atlassian/cache/atlassian-cache-api/0.1/atlassian-cache-api-0.1.jar:/home/vogtp/.m2/repository/osuser/osuser/atl.user/osuser-atl.user.jar:/home/vogtp/.m2/repository/org/springframework/spring-hibernate2/2.5.6-atlassian-1/spring-hibernate2-2.5.6-atlassian-1.jar:/home/vogtp/.m2/repository/hibernate/hibernate/2.1.8-atlassian-9/hibernate-2.1.8-atlassian-9.jar:/home/vogtp/.m2/repository/org/springframework/spring-dao/2.0.6/spring-dao-2.0.6.jar:/home/vogtp/.m2/repository/org/springframework/spring-jdbc/2.5.6.SEC02/spring-jdbc-2.5.6.SEC02.jar:/home/vogtp/.m2/repository/net/sf/ldaptemplate/ldaptemplate/1.0.1/ldaptemplate-1.0.1.jar:/home/vogtp/.m2/repository/com/atlassian/crowd/atlassian-embedded-crowd-hibernate2/1.3.3/atlassian-embedded-crowd-hibernate2-1.3.3.jar:/home/vogtp/.m2/repository/cglib/cglib/2.1_3/cglib-2.1_3.jar:/home/vogtp/.m2/repository/asm/asm/1.5.3/asm-1.5.3.jar:/home/vogtp/.m2/repository/odmg/odmg/3.0/odmg-3.0.jar:/home/vogtp/.m2/repository/com/atlassian/confluence/confluence-upgrade/4.1.6/confluence-upgrade-4.1.6.jar:/home/vogtp/.m2/repository/com/atlassian/config/atlassian-config/0.13.2/atlassian-config-0.13.2.jar:/home/vogtp/.m2/repository/com/atlassian/johnson/atlassian-johnson/0.10/atlassian-johnson-0.10.jar:/home/vogtp/.m2/repository/com/atlassian/confluence/confluence-bucket/4.1.6/confluence-bucket-4.1.6.jar:/home/vogtp/.m2/repository/com/google/guava/guava/10.0.1/guava-10.0.1.jar:/home/vogtp/.m2/repository/com/google/code/findbugs/jsr305/1.3.9/jsr305-1.3.9.jar:/home/vogtp/.m2/repository/com/atlassian/gzipfilter/atlassian-gzipfilter/1.10/atlassian-gzipfilter-1.10.jar:/home/vogtp/.m2/repository/org/slf4j/jul-to-slf4j/1.5.8/jul-to-slf4j-1.5.8.jar:/home/vogtp/.m2/repository/com/atlassian/applinks/applinks-api/3.6.4/applinks-api-3.6.4.jar:/home/vogtp/.m2/repository/com/atlassian/applinks/applinks-spi/3.6.4/applinks-spi-3.6.4.jar:/home/vogtp/.m2/repository/com/atlassian/applinks/applinks-host/3.6.4/applinks-host-3.6.4.jar:/home/vogtp/.m2/repository/com/atlassian/dragonfly/dragonfly-api/1.1-m1/dragonfly-api-1.1-m1.jar:/home/vogtp/.m2/repository/com/atlassian/dragonfly/dragonfly-spi/1.1-m1/dragonfly-spi-1.1-m1.jar:/home/vogtp/.m2/repository/com/atlassian/dragonfly/dragonfly-core/1.1-m1/dragonfly-core-1.1-m1.jar:/home/vogtp/.m2/repository/com/atlassian/modzdetector/modz-detector/0.8/modz-detector-0.8.jar:/home/vogtp/.m2/repository/com/atlassian/mail/atlassian-mail/1.16/atlassian-mail-1.16.jar:/home/vogtp/.m2/repository/com/atlassian/velocity/atlassian-velocity/1.0.0/atlassian-velocity-1.0.0.jar:/home/vogtp/.m2/repository/mockobjects/mockobjects-alt-jdk1.3-j2ee1.3/0.09/mockobjects-alt-jdk1.3-j2ee1.3-0.09.jar:/home/vogtp/.m2/repository/commons-beanutils/commons-beanutils/1.8.3/commons-beanutils-1.8.3.jar:/home/vogtp/.m2/repository/commons-digester/commons-digester/1.5/commons-digester-1.5.jar:/home/vogtp/.m2/repository/xerces/xercesImpl/2.11.0/xercesImpl-2.11.0.jar:/home/vogtp/.m2/repository/opensymphony/sitemesh/2.5-atlassian-5/sitemesh-2.5-atlassian-5.jar:/home/vogtp/.m2/repository/com/atlassian/spring/atlassian-spring-hibernate2/2.0.0/atlassian-spring-hibernate2-2.0.0.jar:/home/vogtp/.m2/repository/com/atlassian/xwork/atlassian-xwork-10/1.13/atlassian-xwork-10-1.13.jar:/home/vogtp/.m2/repository/com/atlassian/xwork/atlassian-xwork-core/1.13/atlassian-xwork-core-1.13.jar:/home/vogtp/.m2/repository/opensymphony/xwork/1.0.3.2/xwork-1.0.3.2.jar:/home/vogtp/.m2/repository/opensymphony/webwork/2.1.5-atlassian-2/webwork-2.1.5-atlassian-2.jar:/home/vogtp/.m2/repository/commons-fileupload/commons-fileupload/1.2.2/commons-fileupload-1.2.2.jar:/home/vogtp/.m2/repository/ognl/ognl/2.6.5-atlassian-2/ognl-2.6.5-atlassian-2.jar:/home/vogtp/.m2/repository/rome/rome/1.0/rome-1.0.jar:/home/vogtp/.m2/repository/jdom/jdom/1.0/jdom-1.0.jar:/home/vogtp/.m2/repository/com/atlassian/trackback/atlassian-trackback/0.10/atlassian-trackback-0.10.jar:/home/vogtp/.m2/repository/oro/oro/2.0.8/oro-2.0.8.jar:/home/vogtp/.m2/repository/com/atlassian/extras/atlassian-extras/2.4/atlassian-extras-2.4.jar:/home/vogtp/.m2/repository/com/atlassian/seraph/atlassian-seraph/2.5.1/atlassian-seraph-2.5.1.jar:/home/vogtp/.m2/repository/com/atlassian/plugins/atlassian-plugins-servlet/2.10.1/atlassian-plugins-servlet-2.10.1.jar:/home/vogtp/.m2/repository/com/atlassian/plugins/atlassian-plugins-webfragment/2.10.1/atlassian-plugins-webfragment-2.10.1.jar:/home/vogtp/.m2/repository/com/atlassian/plugins/atlassian-plugins-webresource/2.10.1/atlassian-plugins-webresource-2.10.1.jar:/home/vogtp/.m2/repository/com/atlassian/plugins/atlassian-plugins-osgi/2.10.1/atlassian-plugins-osgi-2.10.1.jar:/home/vogtp/.m2/repository/com/atlassian/plugins/atlassian-plugins-osgi-events/2.10.1/atlassian-plugins-osgi-events-2.10.1.jar:/home/vogtp/.m2/repository/biz/aQute/bndlib/1.43.0-atlassian-1/bndlib-1.43.0-atlassian-1.jar:/home/vogtp/.m2/repository/org/apache/felix/org.apache.felix.framework/3.0.2/org.apache.felix.framework-3.0.2.jar:/home/vogtp/.m2/repository/org/twdata/pkgscanner/package-scanner/0.9.5/package-scanner-0.9.5.jar:/home/vogtp/.m2/repository/com/atlassian/plugins/atlassian-plugins-spring/2.10.1/atlassian-plugins-spring-2.10.1.jar:/home/vogtp/.m2/repository/com/atlassian/bandana/atlassian-bandana/3.1/atlassian-bandana-3.1.jar:/home/vogtp/.m2/repository/com/atlassian/renderer/atlassian-renderer-legacy/6.2.6/atlassian-renderer-legacy-6.2.6.jar:/home/vogtp/.m2/repository/net/sourceforge/nekohtml/nekohtml/1.9.12/nekohtml-1.9.12.jar:/home/vogtp/.m2/repository/radeox/radeox/1.0b2-forked-22Apr2004/radeox-1.0b2-forked-22Apr2004.jar:/home/vogtp/.m2/repository/org/hibernate/jtidy/r8-20060801/jtidy-r8-20060801.jar:/home/vogtp/.m2/repository/com/atlassian/bonnie/atlassian-bonnie/4.0/atlassian-bonnie-4.0.jar:/home/vogtp/.m2/repository/org/apache/lucene/lucene-core/2.9.4/lucene-core-2.9.4.jar:/home/vogtp/.m2/repository/org/apache/pdfbox/pdfbox/1.2.1/pdfbox-1.2.1.jar:/home/vogtp/.m2/repository/org/apache/pdfbox/fontbox/1.2.1/fontbox-1.2.1.jar:/home/vogtp/.m2/repository/org/apache/pdfbox/jempbox/1.2.1/jempbox-1.2.1.jar:/home/vogtp/.m2/repository/org/apache/poi/poi/3.5-FINAL/poi-3.5-FINAL.jar:/home/vogtp/.m2/repository/org/apache/poi/poi-scratchpad/3.5-FINAL/poi-scratchpad-3.5-FINAL.jar:/home/vogtp/.m2/repository/org/bouncycastle/bcprov-jdk15/1.44/bcprov-jdk15-1.44.jar:/home/vogtp/.m2/repository/org/bouncycastle/bcmail-jdk15/1.44/bcmail-jdk15-1.44.jar:/home/vogtp/.m2/repository/com/ibm/icu/icu4j/3.8/icu4j-3.8.jar:/home/vogtp/.m2/repository/com/atlassian/jdk/utilities/atlassian-jdk-utilities/0.4/atlassian-jdk-utilities-0.4.jar:/home/vogtp/.m2/repository/joda-time/joda-time/1.6/joda-time-1.6.jar:/home/vogtp/.m2/repository/com/atlassian/security/auth/trustedapps/atlassian-trusted-apps-core/2.5/atlassian-trusted-apps-core-2.5.jar:/home/vogtp/.m2/repository/com/atlassian/security/auth/trustedapps/atlassian-trusted-apps-seraph-integration/2.5/atlassian-trusted-apps-seraph-integration-2.5.jar:/home/vogtp/.m2/repository/c3p0/c3p0/0.9.1.2/c3p0-0.9.1.2.jar:/home/vogtp/.m2/repository/com/sun/jai_core/1.1.3/jai_core-1.1.3.jar:/home/vogtp/.m2/repository/com/sun/jai_codec/1.1.3/jai_codec-1.1.3.jar:/home/vogtp/.m2/repository/oscache/oscache/2.2/oscache-2.2.jar:/home/vogtp/.m2/repository/org/apache/velocity/velocity/1.6.4-atlassian-1/velocity-1.6.4-atlassian-1.jar:/home/vogtp/.m2/repository/org/springframework/spring-orm/2.5.6/spring-orm-2.5.6.jar:/home/vogtp/.m2/repository/com/atlassian/paddle/atlassian-paddle/5/atlassian-paddle-5.jar:/home/vogtp/.m2/repository/org/aspectj/aspectjweaver/1.6.0/aspectjweaver-1.6.0.jar:/home/vogtp/.m2/repository/velocity-tools/velocity-tools/view-1.1/velocity-tools-view-1.1.jar:/home/vogtp/.m2/repository/org/apache/lucene/lucene-analyzers/2.9.4/lucene-analyzers-2.9.4.jar:/home/vogtp/.m2/repository/org/apache/lucene/lucene-misc/2.9.4/lucene-misc-2.9.4.jar:/home/vogtp/.m2/repository/org/apache/lucene/lucene-highlighter/2.9.4/lucene-highlighter-2.9.4.jar:/home/vogtp/.m2/repository/org/apache/lucene/lucene-memory/2.9.4/lucene-memory-2.9.4.jar:/home/vogtp/.m2/repository/net/sourceforge/cssparser/cssparser/0.9.5/cssparser-0.9.5.jar:/home/vogtp/.m2/repository/org/w3c/css/sac/1.3/sac-1.3.jar:/home/vogtp/.m2/repository/org/quartz-scheduler/quartz/1.8.0/quartz-1.8.0.jar:/home/vogtp/.m2/repository/org/hsqldb/hsqldb/2.2.4/hsqldb-2.2.4.jar:/home/vogtp/.m2/repository/commons-jrcs/commons-jrcs/diff-0.1.7/commons-jrcs-diff-0.1.7.jar:/home/vogtp/.m2/repository/xmlrpc/xmlrpc/2.0+xmlrpc61.1+sbfix/xmlrpc-2.0+xmlrpc61.1+sbfix.jar:/home/vogtp/.m2/repository/glue/glue/5.0b2/glue-5.0b2.jar:/home/vogtp/.m2/repository/exml/exml/7.1/exml-7.1.jar:/home/vogtp/.m2/repository/axis/axis/1.2.1/axis-1.2.1.jar:/home/vogtp/.m2/repository/wsdl4j/wsdl4j/1.5.1/wsdl4j-1.5.1.jar:/home/vogtp/.m2/repository/commons-discovery/commons-discovery/0.2/commons-discovery-0.2.jar:/home/vogtp/.m2/repository/axis/axis-jaxrpc/1.2.1-noqname/axis-jaxrpc-1.2.1-noqname.jar:/home/vogtp/.m2/repository/axis/axis-saaj/1.2.1/axis-saaj-1.2.1.jar:/home/vogtp/.m2/repository/slide/slide/2.1/slide-2.1.jar:/home/vogtp/.m2/repository/com/thoughtworks/xstream/xstream/1.1.1/xstream-1.1.1.jar:/home/vogtp/.m2/repository/xpp3/xpp3_min/1.1.3.4.O/xpp3_min-1.1.3.4.O.jar:/home/vogtp/.m2/repository/jfree/jfreechart/1.0.0/jfreechart-1.0.0.jar:/home/vogtp/.m2/repository/jfree/jcommon/1.0.0/jcommon-1.0.0.jar:/home/vogtp/.m2/repository/xalan/xalan/2.7.0/xalan-2.7.0.jar:/home/vogtp/.m2/repository/com/octo/captcha/jcaptcha-all/1.0-RC6/jcaptcha-all-1.0-RC6.jar:/home/vogtp/.m2/repository/concurrent/concurrent/1.3.4/concurrent-1.3.4.jar:/home/vogtp/.m2/repository/net/java/dev/urlrewrite/urlrewrite/2.6.0/urlrewrite-2.6.0.jar:/home/vogtp/.m2/repository/javax/xml/stream/stax-api/1.0-2/stax-api-1.0-2.jar:/home/vogtp/.m2/repository/org/codehaus/woodstox/wstx-asl/3.2.9/wstx-asl-3.2.9.jar:/home/vogtp/.m2/repository/org/codehaus/xfire/xfire-core/1.2.6/xfire-core-1.2.6.jar:/home/vogtp/.m2/repository/org/apache/ws/commons/XmlSchema/1.1/XmlSchema-1.1.jar:/home/vogtp/.m2/repository/org/codehaus/xfire/xfire-aegis/1.2.6/xfire-aegis-1.2.6.jar:/home/vogtp/.m2/repository/net/java/dev/stax-utils/stax-utils/20040917/stax-utils-20040917.jar:/home/vogtp/.m2/repository/com/atlassian/sal/sal-spi/2.7.0/sal-spi-2.7.0.jar:/home/vogtp/.m2/repository/com/atlassian/sal/sal-spring/2.7.0/sal-spring-2.7.0.jar:/home/vogtp/.m2/repository/com/atlassian/sal/sal-api/2.7.0/sal-api-2.7.0.jar:/home/vogtp/.m2/repository/com/atlassian/cache/atlassian-cache-memory/0.1/atlassian-cache-memory-0.1.jar:/home/vogtp/.m2/repository/javax/xml/bind/jaxb-api/2.1/jaxb-api-2.1.jar:/home/vogtp/.m2/repository/org/owasp/antisamy/antisamy/1.4.2-atlassian-13/antisamy-1.4.2-atlassian-13.jar:/home/vogtp/.m2/repository/org/apache/xmlgraphics/batik-css/1.7/batik-css-1.7.jar:/home/vogtp/.m2/repository/org/apache/xmlgraphics/batik-ext/1.7/batik-ext-1.7.jar:/home/vogtp/.m2/repository/org/apache/xmlgraphics/batik-util/1.7/batik-util-1.7.jar:/home/vogtp/.m2/repository/org/outerj/daisy/daisydiff/1.1-atlassian-5/daisydiff-1.1-atlassian-5.jar:/home/vogtp/.m2/repository/org/eclipse/core/runtime/20070801/runtime-20070801.jar:/home/vogtp/.m2/repository/com/atlassian/velocity/htmlsafe/velocity-htmlsafe/1.1.beta2/velocity-htmlsafe-1.1.beta2.jar:/home/vogtp/.m2/repository/com/atlassian/fugue/fugue/1.0/fugue-1.0.jar:/home/vogtp/.m2/repository/com/google/code/gson/gson/1.6/gson-1.6.jar:/home/vogtp/.m2/repository/com/atlassian/confluence/plugin/func-test/2.3/func-test-2.3.jar:/home/vogtp/.m2/repository/net/sourceforge/jwebunit/jwebunit-htmlunit-plugin/2.2/jwebunit-htmlunit-plugin-2.2.jar:/home/vogtp/.m2/repository/net/sourceforge/htmlunit/htmlunit/2.5/htmlunit-2.5.jar:/home/vogtp/.m2/repository/net/sourceforge/htmlunit/htmlunit-core-js/2.5/htmlunit-core-js-2.5.jar:/home/vogtp/.m2/repository/net/sourceforge/jwebunit/jwebunit-core/2.2/jwebunit-core-2.2.jar:/home/vogtp/.m2/repository/regexp/regexp/1.3/regexp-1.3.jar:/home/vogtp/.m2/repository/ch/almana/spectrum/rest/spectrum-restfull/0.1/spectrum-restfull-0.1.jar:/home/vogtp/.m2/repository/org/json/json/20090211/json-20090211.jar:/home/vogtp/.m2/repository/org/apache/httpcomponents/httpclient/4.1.3/httpclient-4.1.3.jar:/home/vogtp/.m2/repository/org/apache/httpcomponents/httpcore/4.1.4/httpcore-4.1.4.jar:"/>
    <property name="java.specification.name" value="Java Platform API Specification"/>
    <property name="java.class.version" value="50.0"/>
    <property name="sun.management.compiler" value="HotSpot 64-Bit Tiered Compilers"/>
    <property name="os.version" value="3.0.0-16-generic"/>
    <property name="user.home" value="/home/vogtp"/>
    <property name="user.timezone" value=""/>
    <property name="java.awt.printerjob" value="sun.print.PSPrinterJob"/>
    <property name="file.encoding" value="UTF-8"/>
    <property name="java.specification.version" value="1.6"/>
    <property name="user.name" value="vogtp"/>
    <property name="java.class.path" value="/home/vogtp/confluence/workspace/confluence-plugin-spectrum/target/test-classes:/home/vogtp/confluence/workspace/confluence-plugin-spectrum/target/classes:/home/vogtp/.m2/repository/junit/junit/4.6/junit-4.6.jar:/home/vogtp/.m2/repository/com/atlassian/confluence/confluence/4.1.6/confluence-4.1.6.jar:/home/vogtp/.m2/repository/com/atlassian/crowd/embedded-crowd-api/2.3.2/embedded-crowd-api-2.3.2.jar:/home/vogtp/.m2/repository/commons-lang/commons-lang/2.6/commons-lang-2.6.jar:/home/vogtp/.m2/repository/com/atlassian/crowd/crowd-integration-api/2.3.2/crowd-integration-api-2.3.2.jar:/home/vogtp/.m2/repository/com/atlassian/ip/atlassian-ip/2.0/atlassian-ip-2.0.jar:/home/vogtp/.m2/repository/commons-codec/commons-codec/1.4/commons-codec-1.4.jar:/home/vogtp/.m2/repository/log4j/log4j/1.2.15/log4j-1.2.15.jar:/home/vogtp/.m2/repository/com/atlassian/crowd/crowd-integration-seraph25/2.3.2/crowd-integration-seraph25-2.3.2.jar:/home/vogtp/.m2/repository/com/atlassian/crowd/crowd-integration-client-common/2.3.2/crowd-integration-client-common-2.3.2.jar:/home/vogtp/.m2/repository/com/atlassian/security/atlassian-cookie-tools/2.0/atlassian-cookie-tools-2.0.jar:/home/vogtp/.m2/repository/org/slf4j/slf4j-api/1.5.8/slf4j-api-1.5.8.jar:/home/vogtp/.m2/repository/com/atlassian/crowd/embedded-crowd-spi/2.3.2/embedded-crowd-spi-2.3.2.jar:/home/vogtp/.m2/repository/com/atlassian/crowd/crowd-api/2.3.2/crowd-api-2.3.2.jar:/home/vogtp/.m2/repository/com/atlassian/spring/atlassian-spring/2.0.0/atlassian-spring-2.0.0.jar:/home/vogtp/.m2/repository/com/atlassian/event/atlassian-event/2.1.1/atlassian-event-2.1.1.jar:/home/vogtp/.m2/repository/org/springframework/spring-core/2.5.6.SEC02/spring-core-2.5.6.SEC02.jar:/home/vogtp/.m2/repository/commons-logging/commons-logging/1.1.1/commons-logging-1.1.1.jar:/home/vogtp/.m2/repository/org/springframework/spring-context/2.5.6.SEC02/spring-context-2.5.6.SEC02.jar:/home/vogtp/.m2/repository/aopalliance/aopalliance/1.0/aopalliance-1.0.jar:/home/vogtp/.m2/repository/org/springframework/spring-beans/2.5.6.SEC02/spring-beans-2.5.6.SEC02.jar:/home/vogtp/.m2/repository/com/atlassian/profiling/atlassian-profiling/1.8.2/atlassian-profiling-1.8.2.jar:/home/vogtp/.m2/repository/org/springframework/spring-web/2.5.6.SEC02/spring-web-2.5.6.SEC02.jar:/home/vogtp/.m2/repository/com/atlassian/util/concurrent/atlassian-util-concurrent/2.3.0-beta2/atlassian-util-concurrent-2.3.0-beta2.jar:/home/vogtp/.m2/repository/commons-collections/commons-collections/3.2/commons-collections-3.2.jar:/home/vogtp/.m2/repository/javax/mail/mail/1.4.1/mail-1.4.1.jar:/home/vogtp/.m2/repository/javax/activation/activation/1.0.2/activation-1.0.2.jar:/home/vogtp/.m2/repository/com/atlassian/crowd/crowd-password-encoders/2.3.2/crowd-password-encoders-2.3.2.jar:/home/vogtp/.m2/repository/com/atlassian/security/atlassian-password-encoder/1.0/atlassian-password-encoder-1.0.jar:/home/vogtp/.m2/repository/org/springframework/security/spring-security-core/2.0.4/spring-security-core-2.0.4.jar:/home/vogtp/.m2/repository/org/springframework/spring-aop/2.5.6.SEC02/spring-aop-2.5.6.SEC02.jar:/home/vogtp/.m2/repository/com/atlassian/plugins/atlassian-plugins-core/2.10.1/atlassian-plugins-core-2.10.1.jar:/home/vogtp/.m2/repository/commons-io/commons-io/1.4/commons-io-1.4.jar:/home/vogtp/.m2/repository/dom4j/dom4j/1.4-full/dom4j-1.4-full.jar:/home/vogtp/.m2/repository/com/atlassian/multitenant/multitenant-core/1.0-m14/multitenant-core-1.0-m14.jar:/home/vogtp/.m2/repository/javax/servlet/servlet-api/2.4/servlet-api-2.4.jar:/home/vogtp/.m2/repository/net/jcip/jcip-annotations/1.0/jcip-annotations-1.0.jar:/home/vogtp/.m2/repository/com/atlassian/crowd/atlassian-embedded-crowd-atlassian-user/1.3.3/atlassian-embedded-crowd-atlassian-user-1.3.3.jar:/home/vogtp/.m2/repository/com/atlassian/crowd/embedded-crowd-core/2.3.2/embedded-crowd-core-2.3.2.jar:/home/vogtp/.m2/repository/com/atlassian/crowd/crowd-core/2.3.2/crowd-core-2.3.2.jar:/home/vogtp/.m2/repository/com/atlassian/crowd/crowd-ldap/2.3.2/crowd-ldap-2.3.2.jar:/home/vogtp/.m2/repository/com/atlassian/crowd/crowd-events/2.3.2/crowd-events-2.3.2.jar:/home/vogtp/.m2/repository/com/atlassian/crowd/crowd-persistence/2.3.2/crowd-persistence-2.3.2.jar:/home/vogtp/.m2/repository/com/atlassian/crowd/crowd-remote/2.3.2/crowd-remote-2.3.2.jar:/home/vogtp/.m2/repository/com/atlassian/crowd/crowd-integration-client-rest/2.3.2/crowd-integration-client-rest-2.3.2.jar:/home/vogtp/.m2/repository/commons-httpclient/commons-httpclient/3.1/commons-httpclient-3.1.jar:/home/vogtp/.m2/repository/com/atlassian/core/atlassian-core/4.6.0/atlassian-core-4.6.0.jar:/home/vogtp/.m2/repository/opensymphony/oscore/2.2.7-atlassian-1/oscore-2.2.7-atlassian-1.jar:/home/vogtp/.m2/repository/mockobjects/alt-jdk1.3/0.07/alt-jdk1.3-0.07.jar:/home/vogtp/.m2/repository/org/springframework/ldap/spring-ldap-core/1.3.0.RELEASE/spring-ldap-core-1.3.0.RELEASE.jar:/home/vogtp/.m2/repository/org/springframework/spring-tx/2.5.6.SEC02/spring-tx-2.5.6.SEC02.jar:/home/vogtp/.m2/repository/org/slf4j/slf4j-log4j12/1.5.8/slf4j-log4j12-1.5.8.jar:/home/vogtp/.m2/repository/org/springframework/spring-context-support/2.5.6.SEC02/spring-context-support-2.5.6.SEC02.jar:/home/vogtp/.m2/repository/net/sf/ehcache/ehcache/1.2.3/ehcache-1.2.3.jar:/home/vogtp/.m2/repository/com/atlassian/security/atlassian-secure-random/1.0/atlassian-secure-random-1.0.jar:/home/vogtp/.m2/repository/opensymphony/propertyset/1.3-21Nov03/propertyset-1.3-21Nov03.jar:/home/vogtp/.m2/repository/com/atlassian/user/atlassian-user/3.0/atlassian-user-3.0.jar:/home/vogtp/.m2/repository/javax/transaction/jta/1.0.1B/jta-1.0.1B.jar:/home/vogtp/.m2/repository/com/atlassian/cache/atlassian-cache-api/0.1/atlassian-cache-api-0.1.jar:/home/vogtp/.m2/repository/osuser/osuser/atl.user/osuser-atl.user.jar:/home/vogtp/.m2/repository/org/springframework/spring-hibernate2/2.5.6-atlassian-1/spring-hibernate2-2.5.6-atlassian-1.jar:/home/vogtp/.m2/repository/hibernate/hibernate/2.1.8-atlassian-9/hibernate-2.1.8-atlassian-9.jar:/home/vogtp/.m2/repository/org/springframework/spring-dao/2.0.6/spring-dao-2.0.6.jar:/home/vogtp/.m2/repository/org/springframework/spring-jdbc/2.5.6.SEC02/spring-jdbc-2.5.6.SEC02.jar:/home/vogtp/.m2/repository/net/sf/ldaptemplate/ldaptemplate/1.0.1/ldaptemplate-1.0.1.jar:/home/vogtp/.m2/repository/com/atlassian/crowd/atlassian-embedded-crowd-hibernate2/1.3.3/atlassian-embedded-crowd-hibernate2-1.3.3.jar:/home/vogtp/.m2/repository/cglib/cglib/2.1_3/cglib-2.1_3.jar:/home/vogtp/.m2/repository/asm/asm/1.5.3/asm-1.5.3.jar:/home/vogtp/.m2/repository/odmg/odmg/3.0/odmg-3.0.jar:/home/vogtp/.m2/repository/com/atlassian/confluence/confluence-upgrade/4.1.6/confluence-upgrade-4.1.6.jar:/home/vogtp/.m2/repository/com/atlassian/config/atlassian-config/0.13.2/atlassian-config-0.13.2.jar:/home/vogtp/.m2/repository/com/atlassian/johnson/atlassian-johnson/0.10/atlassian-johnson-0.10.jar:/home/vogtp/.m2/repository/com/atlassian/confluence/confluence-bucket/4.1.6/confluence-bucket-4.1.6.jar:/home/vogtp/.m2/repository/com/google/guava/guava/10.0.1/guava-10.0.1.jar:/home/vogtp/.m2/repository/com/google/code/findbugs/jsr305/1.3.9/jsr305-1.3.9.jar:/home/vogtp/.m2/repository/com/atlassian/gzipfilter/atlassian-gzipfilter/1.10/atlassian-gzipfilter-1.10.jar:/home/vogtp/.m2/repository/org/slf4j/jul-to-slf4j/1.5.8/jul-to-slf4j-1.5.8.jar:/home/vogtp/.m2/repository/com/atlassian/applinks/applinks-api/3.6.4/applinks-api-3.6.4.jar:/home/vogtp/.m2/repository/com/atlassian/applinks/applinks-spi/3.6.4/applinks-spi-3.6.4.jar:/home/vogtp/.m2/repository/com/atlassian/applinks/applinks-host/3.6.4/applinks-host-3.6.4.jar:/home/vogtp/.m2/repository/com/atlassian/dragonfly/dragonfly-api/1.1-m1/dragonfly-api-1.1-m1.jar:/home/vogtp/.m2/repository/com/atlassian/dragonfly/dragonfly-spi/1.1-m1/dragonfly-spi-1.1-m1.jar:/home/vogtp/.m2/repository/com/atlassian/dragonfly/dragonfly-core/1.1-m1/dragonfly-core-1.1-m1.jar:/home/vogtp/.m2/repository/com/atlassian/modzdetector/modz-detector/0.8/modz-detector-0.8.jar:/home/vogtp/.m2/repository/com/atlassian/mail/atlassian-mail/1.16/atlassian-mail-1.16.jar:/home/vogtp/.m2/repository/com/atlassian/velocity/atlassian-velocity/1.0.0/atlassian-velocity-1.0.0.jar:/home/vogtp/.m2/repository/mockobjects/mockobjects-alt-jdk1.3-j2ee1.3/0.09/mockobjects-alt-jdk1.3-j2ee1.3-0.09.jar:/home/vogtp/.m2/repository/commons-beanutils/commons-beanutils/1.8.3/commons-beanutils-1.8.3.jar:/home/vogtp/.m2/repository/commons-digester/commons-digester/1.5/commons-digester-1.5.jar:/home/vogtp/.m2/repository/xerces/xercesImpl/2.11.0/xercesImpl-2.11.0.jar:/home/vogtp/.m2/repository/opensymphony/sitemesh/2.5-atlassian-5/sitemesh-2.5-atlassian-5.jar:/home/vogtp/.m2/repository/com/atlassian/spring/atlassian-spring-hibernate2/2.0.0/atlassian-spring-hibernate2-2.0.0.jar:/home/vogtp/.m2/repository/com/atlassian/xwork/atlassian-xwork-10/1.13/atlassian-xwork-10-1.13.jar:/home/vogtp/.m2/repository/com/atlassian/xwork/atlassian-xwork-core/1.13/atlassian-xwork-core-1.13.jar:/home/vogtp/.m2/repository/opensymphony/xwork/1.0.3.2/xwork-1.0.3.2.jar:/home/vogtp/.m2/repository/opensymphony/webwork/2.1.5-atlassian-2/webwork-2.1.5-atlassian-2.jar:/home/vogtp/.m2/repository/commons-fileupload/commons-fileupload/1.2.2/commons-fileupload-1.2.2.jar:/home/vogtp/.m2/repository/ognl/ognl/2.6.5-atlassian-2/ognl-2.6.5-atlassian-2.jar:/home/vogtp/.m2/repository/rome/rome/1.0/rome-1.0.jar:/home/vogtp/.m2/repository/jdom/jdom/1.0/jdom-1.0.jar:/home/vogtp/.m2/repository/com/atlassian/trackback/atlassian-trackback/0.10/atlassian-trackback-0.10.jar:/home/vogtp/.m2/repository/oro/oro/2.0.8/oro-2.0.8.jar:/home/vogtp/.m2/repository/com/atlassian/extras/atlassian-extras/2.4/atlassian-extras-2.4.jar:/home/vogtp/.m2/repository/com/atlassian/seraph/atlassian-seraph/2.5.1/atlassian-seraph-2.5.1.jar:/home/vogtp/.m2/repository/com/atlassian/plugins/atlassian-plugins-servlet/2.10.1/atlassian-plugins-servlet-2.10.1.jar:/home/vogtp/.m2/repository/com/atlassian/plugins/atlassian-plugins-webfragment/2.10.1/atlassian-plugins-webfragment-2.10.1.jar:/home/vogtp/.m2/repository/com/atlassian/plugins/atlassian-plugins-webresource/2.10.1/atlassian-plugins-webresource-2.10.1.jar:/home/vogtp/.m2/repository/com/atlassian/plugins/atlassian-plugins-osgi/2.10.1/atlassian-plugins-osgi-2.10.1.jar:/home/vogtp/.m2/repository/com/atlassian/plugins/atlassian-plugins-osgi-events/2.10.1/atlassian-plugins-osgi-events-2.10.1.jar:/home/vogtp/.m2/repository/biz/aQute/bndlib/1.43.0-atlassian-1/bndlib-1.43.0-atlassian-1.jar:/home/vogtp/.m2/repository/org/apache/felix/org.apache.felix.framework/3.0.2/org.apache.felix.framework-3.0.2.jar:/home/vogtp/.m2/repository/org/twdata/pkgscanner/package-scanner/0.9.5/package-scanner-0.9.5.jar:/home/vogtp/.m2/repository/com/atlassian/plugins/atlassian-plugins-spring/2.10.1/atlassian-plugins-spring-2.10.1.jar:/home/vogtp/.m2/repository/com/atlassian/bandana/atlassian-bandana/3.1/atlassian-bandana-3.1.jar:/home/vogtp/.m2/repository/com/atlassian/renderer/atlassian-renderer-legacy/6.2.6/atlassian-renderer-legacy-6.2.6.jar:/home/vogtp/.m2/repository/net/sourceforge/nekohtml/nekohtml/1.9.12/nekohtml-1.9.12.jar:/home/vogtp/.m2/repository/radeox/radeox/1.0b2-forked-22Apr2004/radeox-1.0b2-forked-22Apr2004.jar:/home/vogtp/.m2/repository/org/hibernate/jtidy/r8-20060801/jtidy-r8-20060801.jar:/home/vogtp/.m2/repository/com/atlassian/bonnie/atlassian-bonnie/4.0/atlassian-bonnie-4.0.jar:/home/vogtp/.m2/repository/org/apache/lucene/lucene-core/2.9.4/lucene-core-2.9.4.jar:/home/vogtp/.m2/repository/org/apache/pdfbox/pdfbox/1.2.1/pdfbox-1.2.1.jar:/home/vogtp/.m2/repository/org/apache/pdfbox/fontbox/1.2.1/fontbox-1.2.1.jar:/home/vogtp/.m2/repository/org/apache/pdfbox/jempbox/1.2.1/jempbox-1.2.1.jar:/home/vogtp/.m2/repository/org/apache/poi/poi/3.5-FINAL/poi-3.5-FINAL.jar:/home/vogtp/.m2/repository/org/apache/poi/poi-scratchpad/3.5-FINAL/poi-scratchpad-3.5-FINAL.jar:/home/vogtp/.m2/repository/org/bouncycastle/bcprov-jdk15/1.44/bcprov-jdk15-1.44.jar:/home/vogtp/.m2/repository/org/bouncycastle/bcmail-jdk15/1.44/bcmail-jdk15-1.44.jar:/home/vogtp/.m2/repository/com/ibm/icu/icu4j/3.8/icu4j-3.8.jar:/home/vogtp/.m2/repository/com/atlassian/jdk/utilities/atlassian-jdk-utilities/0.4/atlassian-jdk-utilities-0.4.jar:/home/vogtp/.m2/repository/joda-time/joda-time/1.6/joda-time-1.6.jar:/home/vogtp/.m2/repository/com/atlassian/security/auth/trustedapps/atlassian-trusted-apps-core/2.5/atlassian-trusted-apps-core-2.5.jar:/home/vogtp/.m2/repository/com/atlassian/security/auth/trustedapps/atlassian-trusted-apps-seraph-integration/2.5/atlassian-trusted-apps-seraph-integration-2.5.jar:/home/vogtp/.m2/repository/c3p0/c3p0/0.9.1.2/c3p0-0.9.1.2.jar:/home/vogtp/.m2/repository/com/sun/jai_core/1.1.3/jai_core-1.1.3.jar:/home/vogtp/.m2/repository/com/sun/jai_codec/1.1.3/jai_codec-1.1.3.jar:/home/vogtp/.m2/repository/oscache/oscache/2.2/oscache-2.2.jar:/home/vogtp/.m2/repository/org/apache/velocity/velocity/1.6.4-atlassian-1/velocity-1.6.4-atlassian-1.jar:/home/vogtp/.m2/repository/org/springframework/spring-orm/2.5.6/spring-orm-2.5.6.jar:/home/vogtp/.m2/repository/com/atlassian/paddle/atlassian-paddle/5/atlassian-paddle-5.jar:/home/vogtp/.m2/repository/org/aspectj/aspectjweaver/1.6.0/aspectjweaver-1.6.0.jar:/home/vogtp/.m2/repository/velocity-tools/velocity-tools/view-1.1/velocity-tools-view-1.1.jar:/home/vogtp/.m2/repository/org/apache/lucene/lucene-analyzers/2.9.4/lucene-analyzers-2.9.4.jar:/home/vogtp/.m2/repository/org/apache/lucene/lucene-misc/2.9.4/lucene-misc-2.9.4.jar:/home/vogtp/.m2/repository/org/apache/lucene/lucene-highlighter/2.9.4/lucene-highlighter-2.9.4.jar:/home/vogtp/.m2/repository/org/apache/lucene/lucene-memory/2.9.4/lucene-memory-2.9.4.jar:/home/vogtp/.m2/repository/net/sourceforge/cssparser/cssparser/0.9.5/cssparser-0.9.5.jar:/home/vogtp/.m2/repository/org/w3c/css/sac/1.3/sac-1.3.jar:/home/vogtp/.m2/repository/org/quartz-scheduler/quartz/1.8.0/quartz-1.8.0.jar:/home/vogtp/.m2/repository/org/hsqldb/hsqldb/2.2.4/hsqldb-2.2.4.jar:/home/vogtp/.m2/repository/commons-jrcs/commons-jrcs/diff-0.1.7/commons-jrcs-diff-0.1.7.jar:/home/vogtp/.m2/repository/xmlrpc/xmlrpc/2.0+xmlrpc61.1+sbfix/xmlrpc-2.0+xmlrpc61.1+sbfix.jar:/home/vogtp/.m2/repository/glue/glue/5.0b2/glue-5.0b2.jar:/home/vogtp/.m2/repository/exml/exml/7.1/exml-7.1.jar:/home/vogtp/.m2/repository/axis/axis/1.2.1/axis-1.2.1.jar:/home/vogtp/.m2/repository/wsdl4j/wsdl4j/1.5.1/wsdl4j-1.5.1.jar:/home/vogtp/.m2/repository/commons-discovery/commons-discovery/0.2/commons-discovery-0.2.jar:/home/vogtp/.m2/repository/axis/axis-jaxrpc/1.2.1-noqname/axis-jaxrpc-1.2.1-noqname.jar:/home/vogtp/.m2/repository/axis/axis-saaj/1.2.1/axis-saaj-1.2.1.jar:/home/vogtp/.m2/repository/slide/slide/2.1/slide-2.1.jar:/home/vogtp/.m2/repository/com/thoughtworks/xstream/xstream/1.1.1/xstream-1.1.1.jar:/home/vogtp/.m2/repository/xpp3/xpp3_min/1.1.3.4.O/xpp3_min-1.1.3.4.O.jar:/home/vogtp/.m2/repository/jfree/jfreechart/1.0.0/jfreechart-1.0.0.jar:/home/vogtp/.m2/repository/jfree/jcommon/1.0.0/jcommon-1.0.0.jar:/home/vogtp/.m2/repository/xalan/xalan/2.7.0/xalan-2.7.0.jar:/home/vogtp/.m2/repository/com/octo/captcha/jcaptcha-all/1.0-RC6/jcaptcha-all-1.0-RC6.jar:/home/vogtp/.m2/repository/concurrent/concurrent/1.3.4/concurrent-1.3.4.jar:/home/vogtp/.m2/repository/net/java/dev/urlrewrite/urlrewrite/2.6.0/urlrewrite-2.6.0.jar:/home/vogtp/.m2/repository/javax/xml/stream/stax-api/1.0-2/stax-api-1.0-2.jar:/home/vogtp/.m2/repository/org/codehaus/woodstox/wstx-asl/3.2.9/wstx-asl-3.2.9.jar:/home/vogtp/.m2/repository/org/codehaus/xfire/xfire-core/1.2.6/xfire-core-1.2.6.jar:/home/vogtp/.m2/repository/org/apache/ws/commons/XmlSchema/1.1/XmlSchema-1.1.jar:/home/vogtp/.m2/repository/org/codehaus/xfire/xfire-aegis/1.2.6/xfire-aegis-1.2.6.jar:/home/vogtp/.m2/repository/net/java/dev/stax-utils/stax-utils/20040917/stax-utils-20040917.jar:/home/vogtp/.m2/repository/com/atlassian/sal/sal-spi/2.7.0/sal-spi-2.7.0.jar:/home/vogtp/.m2/repository/com/atlassian/sal/sal-spring/2.7.0/sal-spring-2.7.0.jar:/home/vogtp/.m2/repository/com/atlassian/sal/sal-api/2.7.0/sal-api-2.7.0.jar:/home/vogtp/.m2/repository/com/atlassian/cache/atlassian-cache-memory/0.1/atlassian-cache-memory-0.1.jar:/home/vogtp/.m2/repository/javax/xml/bind/jaxb-api/2.1/jaxb-api-2.1.jar:/home/vogtp/.m2/repository/org/owasp/antisamy/antisamy/1.4.2-atlassian-13/antisamy-1.4.2-atlassian-13.jar:/home/vogtp/.m2/repository/org/apache/xmlgraphics/batik-css/1.7/batik-css-1.7.jar:/home/vogtp/.m2/repository/org/apache/xmlgraphics/batik-ext/1.7/batik-ext-1.7.jar:/home/vogtp/.m2/repository/org/apache/xmlgraphics/batik-util/1.7/batik-util-1.7.jar:/home/vogtp/.m2/repository/org/outerj/daisy/daisydiff/1.1-atlassian-5/daisydiff-1.1-atlassian-5.jar:/home/vogtp/.m2/repository/org/eclipse/core/runtime/20070801/runtime-20070801.jar:/home/vogtp/.m2/repository/com/atlassian/velocity/htmlsafe/velocity-htmlsafe/1.1.beta2/velocity-htmlsafe-1.1.beta2.jar:/home/vogtp/.m2/repository/com/atlassian/fugue/fugue/1.0/fugue-1.0.jar:/home/vogtp/.m2/repository/com/google/code/gson/gson/1.6/gson-1.6.jar:/home/vogtp/.m2/repository/com/atlassian/confluence/plugin/func-test/2.3/func-test-2.3.jar:/home/vogtp/.m2/repository/net/sourceforge/jwebunit/jwebunit-htmlunit-plugin/2.2/jwebunit-htmlunit-plugin-2.2.jar:/home/vogtp/.m2/repository/net/sourceforge/htmlunit/htmlunit/2.5/htmlunit-2.5.jar:/home/vogtp/.m2/repository/net/sourceforge/htmlunit/htmlunit-core-js/2.5/htmlunit-core-js-2.5.jar:/home/vogtp/.m2/repository/net/sourceforge/jwebunit/jwebunit-core/2.2/jwebunit-core-2.2.jar:/home/vogtp/.m2/repository/regexp/regexp/1.3/regexp-1.3.jar:/home/vogtp/.m2/repository/ch/almana/spectrum/rest/spectrum-restfull/0.1/spectrum-restfull-0.1.jar:/home/vogtp/.m2/repository/org/json/json/20090211/json-20090211.jar:/home/vogtp/.m2/repository/org/apache/httpcomponents/httpclient/4.1.3/httpclient-4.1.3.jar:/home/vogtp/.m2/repository/org/apache/httpcomponents/httpcore/4.1.4/httpcore-4.1.4.jar:"/>
    <property name="java.vm.specification.version" value="1.0"/>
    <property name="sun.arch.data.model" value="64"/>
    <property name="java.home" value="/usr/lib/jvm/java-6-sun-1.6.0.26/jre"/>
    <property name="sun.java.command" value="/tmp/surefirebooter8060236941284660969.jar /tmp/surefire5335408524363258018tmp /tmp/surefire9008038854583867547tmp"/>
    <property name="java.specification.vendor" value="Sun Microsystems Inc."/>
    <property name="user.language" value="en"/>
    <property name="java.vm.info" value="mixed mode"/>
    <property name="java.version" value="1.6.0_26"/>
    <property name="java.ext.dirs" value="/usr/lib/jvm/java-6-sun-1.6.0.26/jre/lib/ext:/usr/java/packages/lib/ext"/>
    <property name="sun.boot.class.path" value="/usr/lib/jvm/java-6-sun-1.6.0.26/jre/lib/resources.jar:/usr/lib/jvm/java-6-sun-1.6.0.26/jre/lib/rt.jar:/usr/lib/jvm/java-6-sun-1.6.0.26/jre/lib/sunrsasign.jar:/usr/lib/jvm/java-6-sun-1.6.0.26/jre/lib/jsse.jar:/usr/lib/jvm/java-6-sun-1.6.0.26/jre/lib/jce.jar:/usr/lib/jvm/java-6-sun-1.6.0.26/jre/lib/charsets.jar:/usr/lib/jvm/java-6-sun-1.6.0.26/jre/lib/modules/jdk.boot.jar:/usr/lib/jvm/java-6-sun-1.6.0.26/jre/classes"/>
    <property name="java.vendor" value="Sun Microsystems Inc."/>
    <property name="localRepository" value="/home/vogtp/.m2/repository"/>
    <property name="file.separator" value="/"/>
    <property name="java.vendor.url.bug" value="http://java.sun.com/cgi-bin/bugreport.cgi"/>
    <property name="sun.cpu.endian" value="little"/>
    <property name="sun.io.unicode.encoding" value="UnicodeLittle"/>
    <property name="sun.cpu.isalist" value=""/>
  </properties>
  <testcase time="0.005" classname="ch.unibas.urz.confluence.spectrum.ExampleMacroTest" name="basic"/>
</testsuite>